<?xml version="1.0" encoding="UTF-8"?>
<!-- Generated by org.testng.reporters.JUnitXMLReporter -->
<testsuite ignored="0" hostname="DESKTOP-7KJTV22" failures="0" tests="3" name="Test" time="10.668" errors="0" timestamp="2025-05-01T16:22:06 IST">
  <testcase classname="com.qa.opencart.tests.LoginPageTest" name="loginPageTitleTest" time="0.26"/>
  <testcase classname="com.qa.opencart.tests.LoginPageTest" name="loginPageURLTest" time="0.055"/>
  <testcase classname="com.qa.opencart.tests.LoginPageTest" name="loginTest" time="1.647"/>
</testsuite> <!-- Test -->
