<?xml version="1.0" encoding="UTF-8"?>
<!-- Generated by org.testng.reporters.JUnitXMLReporter -->
<testsuite ignored="0" hostname="DESKTOP-7KJTV22" failures="0" tests="3" name="Login Page Test_chrome" time="38.503" errors="0" timestamp="2025-05-03T17:25:06 IST">
  <testcase classname="com.qa.opencart.tests.LoginPageTest" name="loginPageTitleTest" time="1.14"/>
  <testcase classname="com.qa.opencart.tests.LoginPageTest" name="loginPageURLTest" time="0.153"/>
  <testcase classname="com.qa.opencart.tests.LoginPageTest" name="loginTest" time="4.13"/>
</testsuite> <!-- Login Page Test_chrome -->
