<?xml version="1.0" encoding="UTF-8"?>
<!-- Generated by org.testng.reporters.JUnitXMLReporter -->
<testsuite ignored="0" hostname="DESKTOP-7KJTV22" failures="0" tests="3" name="Login Page Test_firefox" time="48.067" errors="0" timestamp="2025-05-03T17:25:16 IST">
  <testcase classname="com.qa.opencart.tests.LoginPageTest" name="loginPageTitleTest" time="0.114"/>
  <testcase classname="com.qa.opencart.tests.LoginPageTest" name="loginPageURLTest" time="0.077"/>
  <testcase classname="com.qa.opencart.tests.LoginPageTest" name="loginTest" time="3.208"/>
</testsuite> <!-- Login Page Test_firefox -->
