<?xml version="1.0" encoding="UTF-8"?>
<!-- Generated by org.testng.reporters.JUnitXMLReporter -->
<testsuite ignored="0" hostname="DESKTOP-7KJTV22" failures="0" tests="3" name="Test" time="6.482" errors="0" timestamp="2025-05-02T23:24:40 IST">
  <testcase classname="com.qa.opencart.tests.LoginPageTest" name="loginPageTitleTest" time="0.151"/>
  <testcase classname="com.qa.opencart.tests.LoginPageTest" name="loginPageURLTest" time="0.024"/>
  <testcase classname="com.qa.opencart.tests.LoginPageTest" name="loginTest" time="0.822"/>
</testsuite> <!-- Test -->
