<?xml version="1.0" encoding="UTF-8"?>
<testng-results ignored="0" total="6" passed="6" failed="0" skipped="0">
  <reporter-output>
  </reporter-output>
  <suite started-at="2025-05-03T17:24:28 IST" name="OpenCart suite" finished-at="2025-05-03T17:25:16 IST" duration-ms="48067">
    <groups>
    </groups>
    <test started-at="2025-05-03T17:24:28 IST" name="Login Page Test_chrome" finished-at="2025-05-03T17:25:06 IST" duration-ms="38503">
      <class name="com.qa.opencart.tests.LoginPageTest">
        <test-method is-config="true" signature="setup(java.lang.String,java.lang.String,java.lang.String)[pri:0, instance:com.qa.opencart.tests.LoginPageTest@633a2e99]" started-at="2025-05-03T17:24:28 IST" name="setup" finished-at="2025-05-03T17:24:58 IST" duration-ms="29809" status="PASS">
          <params>
            <param index="0">
              <value>
                <![CDATA[chrome]]>
              </value>
            </param>
            <param index="1">
              <value>
                <![CDATA[123.0]]>
              </value>
            </param>
            <param index="2">
              <value>
                <![CDATA[Login Page Test]]>
              </value>
            </param>
          </params>
          <reporter-output>
          </reporter-output>
        </test-method> <!-- setup -->
        <test-method signature="loginPageTitleTest()[pri:0, instance:com.qa.opencart.tests.LoginPageTest@633a2e99]" started-at="2025-05-03T17:24:58 IST" name="loginPageTitleTest" finished-at="2025-05-03T17:24:59 IST" duration-ms="1140" status="PASS">
          <reporter-output>
          </reporter-output>
        </test-method> <!-- loginPageTitleTest -->
        <test-method signature="loginPageURLTest()[pri:0, instance:com.qa.opencart.tests.LoginPageTest@633a2e99]" started-at="2025-05-03T17:25:02 IST" name="loginPageURLTest" finished-at="2025-05-03T17:25:02 IST" duration-ms="153" status="PASS">
          <reporter-output>
          </reporter-output>
        </test-method> <!-- loginPageURLTest -->
        <test-method signature="loginTest()[pri:0, instance:com.qa.opencart.tests.LoginPageTest@633a2e99]" started-at="2025-05-03T17:25:02 IST" name="loginTest" finished-at="2025-05-03T17:25:06 IST" duration-ms="4130" status="PASS">
          <reporter-output>
          </reporter-output>
        </test-method> <!-- loginTest -->
        <test-method is-config="true" signature="tearDown()[pri:0, instance:com.qa.opencart.tests.LoginPageTest@633a2e99]" started-at="2025-05-03T17:25:06 IST" name="tearDown" finished-at="2025-05-03T17:25:06 IST" duration-ms="321" status="PASS">
          <reporter-output>
          </reporter-output>
        </test-method> <!-- tearDown -->
      </class> <!-- com.qa.opencart.tests.LoginPageTest -->
    </test> <!-- Login Page Test_chrome -->
    <test started-at="2025-05-03T17:24:28 IST" name="Login Page Test_firefox" finished-at="2025-05-03T17:25:16 IST" duration-ms="48067">
      <class name="com.qa.opencart.tests.LoginPageTest">
        <test-method is-config="true" signature="setup(java.lang.String,java.lang.String,java.lang.String)[pri:0, instance:com.qa.opencart.tests.LoginPageTest@702c436b]" started-at="2025-05-03T17:24:28 IST" name="setup" finished-at="2025-05-03T17:25:10 IST" duration-ms="42434" status="PASS">
          <params>
            <param index="0">
              <value>
                <![CDATA[firefox]]>
              </value>
            </param>
            <param index="1">
              <value>
                <![CDATA[125.0]]>
              </value>
            </param>
            <param index="2">
              <value>
                <![CDATA[Login Page Test]]>
              </value>
            </param>
          </params>
          <reporter-output>
          </reporter-output>
        </test-method> <!-- setup -->
        <test-method signature="loginPageTitleTest()[pri:0, instance:com.qa.opencart.tests.LoginPageTest@702c436b]" started-at="2025-05-03T17:25:10 IST" name="loginPageTitleTest" finished-at="2025-05-03T17:25:10 IST" duration-ms="114" status="PASS">
          <reporter-output>
          </reporter-output>
        </test-method> <!-- loginPageTitleTest -->
        <test-method signature="loginPageURLTest()[pri:0, instance:com.qa.opencart.tests.LoginPageTest@702c436b]" started-at="2025-05-03T17:25:10 IST" name="loginPageURLTest" finished-at="2025-05-03T17:25:11 IST" duration-ms="77" status="PASS">
          <reporter-output>
          </reporter-output>
        </test-method> <!-- loginPageURLTest -->
        <test-method signature="loginTest()[pri:0, instance:com.qa.opencart.tests.LoginPageTest@702c436b]" started-at="2025-05-03T17:25:11 IST" name="loginTest" finished-at="2025-05-03T17:25:14 IST" duration-ms="3208" status="PASS">
          <reporter-output>
          </reporter-output>
        </test-method> <!-- loginTest -->
        <test-method is-config="true" signature="tearDown()[pri:0, instance:com.qa.opencart.tests.LoginPageTest@702c436b]" started-at="2025-05-03T17:25:14 IST" name="tearDown" finished-at="2025-05-03T17:25:16 IST" duration-ms="2099" status="PASS">
          <reporter-output>
          </reporter-output>
        </test-method> <!-- tearDown -->
      </class> <!-- com.qa.opencart.tests.LoginPageTest -->
    </test> <!-- Login Page Test_firefox -->
  </suite> <!-- OpenCart suite -->
</testng-results>
